Starting job 4306036 on c5-7 at Sun Oct 31 23:30:28 CET 2021

The following modules were not unloaded:
  (Use "module --force purge" to unload all):

  1) StdEnv
Rank 1 generating 1250 samples on host c5-7.
Rank 2 generating 1250 samples on host c5-7.
Rank 3 generating 1250 samples on host c5-7.
Rank 6 generating 1250 samples on host c5-7.
Rank 7 generating 1250 samples on host c5-7.
Generating 10000 samples.
Rank 0 generating 1250 samples on host c5-7.
8,10000,0.228882,0.000999,0.101625
Rank 4 generating 1250 samples on host c5-7.
Rank 5 generating 1250 samples on host c5-7.

Task and CPU usage stats:
       JobID    JobName  AllocCPUS   NTasks     MinCPU MinCPUTask     AveCPU    Elapsed ExitCode 
------------ ---------- ---------- -------- ---------- ---------- ---------- ---------- -------- 
4306036       serial-pi          8                                             00:00:10      0:0 
4306036.bat+      batch          8        1   00:00:02          0   00:00:02   00:00:10      0:0 
4306036.ext+     extern          8        1   00:00:00          0   00:00:00   00:00:10      0:0 
4306036.0       python3          8        8   00:00:00          1   00:00:00   00:00:06      0:0 

Memory usage stats:
       JobID     MaxRSS MaxRSSTask     AveRSS MaxPages   MaxPagesTask   AvePages 
------------ ---------- ---------- ---------- -------- -------------- ---------- 
4306036                                                                          
4306036.bat+          0          0          0        0              0          0 
4306036.ext+          0          0          0        0              0          0 
4306036.0             0          7          0        0              7          0 

Disk usage stats:
       JobID  MaxDiskRead MaxDiskReadTask    AveDiskRead MaxDiskWrite MaxDiskWriteTask   AveDiskWrite 
------------ ------------ --------------- -------------- ------------ ---------------- -------------- 
4306036                                                                                               
4306036.bat+            0               0              0            0                0              0 
4306036.ext+        0.00M               0          0.00M            0                0              0 
4306036.0          10.27M               2          8.98M        8.21M                0          7.18M 

Job 4306036 completed at Sun Oct 31 23:30:38 CET 2021
