Starting job 4306031 on c5-59 at Sun Oct 31 22:53:57 CET 2021

The following modules were not unloaded:
  (Use "module --force purge" to unload all):

  1) StdEnv
Pi: 3.1108, memory: 0.00022351741790771484 GiB, time: 0.000693 s

Task and CPU usage stats:
       JobID    JobName  AllocCPUS   NTasks     MinCPU MinCPUTask     AveCPU    Elapsed ExitCode 
------------ ---------- ---------- -------- ---------- ---------- ---------- ---------- -------- 
4306031       serial-pi          1                                             00:00:06      0:0 
4306031.bat+      batch          1        1   00:00:02          0   00:00:02   00:00:06      0:0 
4306031.ext+     extern          1        1   00:00:00          0   00:00:00   00:00:06      0:0 

Memory usage stats:
       JobID     MaxRSS MaxRSSTask     AveRSS MaxPages   MaxPagesTask   AvePages 
------------ ---------- ---------- ---------- -------- -------------- ---------- 
4306031                                                                          
4306031.bat+          0          0          0        0              0          0 
4306031.ext+          0          0          0        0              0          0 

Disk usage stats:
       JobID  MaxDiskRead MaxDiskReadTask    AveDiskRead MaxDiskWrite MaxDiskWriteTask   AveDiskWrite 
------------ ------------ --------------- -------------- ------------ ---------------- -------------- 
4306031                                                                                               
4306031.bat+            0               0              0            0                0              0 
4306031.ext+        0.00M               0          0.00M            0                0              0 

Job 4306031 completed at Sun Oct 31 22:54:03 CET 2021
